# JRE version: Java(TM) SE Runtime Environment (8.0_60-b27) (build 1.8.0_60-b27)
# Java VM: Java HotSpot(TM) 64-Bit Server VM (25.60-b23 mixed mode windows-amd64 compressed oops)
Heap:
 PSYoungGen      total 232448K, used 177056K [0x00000000eb180000, 0x00000000fab00000, 0x0000000100000000)
  eden space 214528K, 76% used [0x00000000eb180000,0x00000000f516b488,0x00000000f8300000)
  from space 17920K, 74% used [0x00000000f9600000,0x00000000fa2fcbd0,0x00000000fa780000)
  to   space 19456K, 0% used [0x00000000f8300000,0x00000000f8300000,0x00000000f9600000)
 ParOldGen       total 103424K, used 46818K [0x00000000c1400000, 0x00000000c7900000, 0x00000000eb180000)
  object space 103424K, 45% used [0x00000000c1400000,0x00000000c41b8890,0x00000000c7900000)
 Metaspace       used 7318K, capacity 7486K, committed 7552K, reserved 1056768K
  class space    used 807K, capacity 857K, committed 896K, reserved 1048576K
GC Heap History (10 events):
Event: 6.863 GC heap before
{Heap before GC invocations=17 (full 2):
 PSYoungGen      total 147456K, used 143568K [0x00000000eb180000, 0x00000000f4680000, 0x0000000100000000)
  eden space 143360K, 100% used [0x00000000eb180000,0x00000000f3d80000,0x00000000f3d80000)
  from space 4096K, 5% used [0x00000000f4180000,0x00000000f41b4010,0x00000000f4580000)
  to   space 4096K, 0% used [0x00000000f3d80000,0x00000000f3d80000,0x00000000f4180000)
 ParOldGen       total 77824K, used 60080K [0x00000000c1400000, 0x00000000c6000000, 0x00000000eb180000)
  object space 77824K, 77% used [0x00000000c1400000,0x00000000c4eac320,0x00000000c6000000)
 Metaspace       used 7266K, capacity 7422K, committed 7552K, reserved 1056768K
  class space    used 806K, capacity 857K, committed 896K, reserved 1048576K
Event: 6.901 GC heap after
Heap after GC invocations=17 (full 2):
 PSYoungGen      total 147456K, used 4077K [0x00000000eb180000, 0x00000000f8780000, 0x0000000100000000)
  eden space 143360K, 0% used [0x00000000eb180000,0x00000000eb180000,0x00000000f3d80000)
  from space 4096K, 99% used [0x00000000f3d80000,0x00000000f417b620,0x00000000f4180000)
  to   space 19456K, 0% used [0x00000000f7480000,0x00000000f7480000,0x00000000f8780000)
 ParOldGen       total 100864K, used 100051K [0x00000000c1400000, 0x00000000c7680000, 0x00000000eb180000)
  object space 100864K, 99% used [0x00000000c1400000,0x00000000c75b4e78,0x00000000c7680000)
 Metaspace       used 7266K, capacity 7422K, committed 7552K, reserved 1056768K
  class space    used 806K, capacity 857K, committed 896K, reserved 1048576K
}
Event: 6.901 GC heap before
{Heap before GC invocations=18 (full 3):
 PSYoungGen      total 147456K, used 4077K [0x00000000eb180000, 0x00000000f8780000, 0x0000000100000000)
  eden space 143360K, 0% used [0x00000000eb180000,0x00000000eb180000,0x00000000f3d80000)
  from space 4096K, 99% used [0x00000000f3d80000,0x00000000f417b620,0x00000000f4180000)
  to   space 19456K, 0% used [0x00000000f7480000,0x00000000f7480000,0x00000000f8780000)
 ParOldGen       total 100864K, used 100051K [0x00000000c1400000, 0x00000000c7680000, 0x00000000eb180000)
  object space 100864K, 99% used [0x00000000c1400000,0x00000000c75b4e78,0x00000000c7680000)
 Metaspace       used 7266K, capacity 7422K, committed 7552K, reserved 1056768K
  class space    used 806K, capacity 857K, committed 896K, reserved 1048576K
Event: 6.950 GC heap after
Heap after GC invocations=18 (full 3):
 PSYoungGen      total 147456K, used 0K [0x00000000eb180000, 0x00000000f8780000, 0x0000000100000000)
  eden space 143360K, 0% used [0x00000000eb180000,0x00000000eb180000,0x00000000f3d80000)
  from space 4096K, 0% used [0x00000000f3d80000,0x00000000f3d80000,0x00000000f4180000)
  to   space 19456K, 0% used [0x00000000f7480000,0x00000000f7480000,0x00000000f8780000)
 ParOldGen       total 103424K, used 46818K [0x00000000c1400000, 0x00000000c7900000, 0x00000000eb180000)
  object space 103424K, 45% used [0x00000000c1400000,0x00000000c41b8890,0x00000000c7900000)
 Metaspace       used 7266K, capacity 7422K, committed 7552K, reserved 1056768K
  class space    used 806K, capacity 857K, committed 896K, reserved 1048576K
}
Event: 7.324 GC heap before
{Heap before GC invocations=19 (full 3):
 PSYoungGen      total 147456K, used 143360K [0x00000000eb180000, 0x00000000f8780000, 0x0000000100000000)
  eden space 143360K, 100% used [0x00000000eb180000,0x00000000f3d80000,0x00000000f3d80000)
  from space 4096K, 0% used [0x00000000f3d80000,0x00000000f3d80000,0x00000000f4180000)
  to   space 19456K, 0% used [0x00000000f7480000,0x00000000f7480000,0x00000000f8780000)
 ParOldGen       total 103424K, used 46818K [0x00000000c1400000, 0x00000000c7900000, 0x00000000eb180000)
  object space 103424K, 45% used [0x00000000c1400000,0x00000000c41b8890,0x00000000c7900000)
 Metaspace       used 7266K, capacity 7422K, committed 7552K, reserved 1056768K
  class space    used 806K, capacity 857K, committed 896K, reserved 1048576K
Event: 7.328 GC heap after
Heap after GC invocations=19 (full 3):
 PSYoungGen      total 200192K, used 2576K [0x00000000eb180000, 0x00000000f8800000, 0x0000000100000000)
  eden space 180736K, 0% used [0x00000000eb180000,0x00000000eb180000,0x00000000f6200000)
  from space 19456K, 13% used [0x00000000f7480000,0x00000000f7704388,0x00000000f8780000)
  to   space 18944K, 0% used [0x00000000f6200000,0x00000000f6200000,0x00000000f7480000)
 ParOldGen       total 103424K, used 46818K [0x00000000c1400000, 0x00000000c7900000, 0x00000000eb180000)
  object space 103424K, 45% used [0x00000000c1400000,0x00000000c41b8890,0x00000000c7900000)
 Metaspace       used 7266K, capacity 7422K, committed 7552K, reserved 1056768K
  class space    used 806K, capacity 857K, committed 896K, reserved 1048576K
}
Event: 7.932 GC heap before
{Heap before GC invocations=20 (full 3):
 PSYoungGen      total 200192K, used 183312K [0x00000000eb180000, 0x00000000f8800000, 0x0000000100000000)
  eden space 180736K, 100% used [0x00000000eb180000,0x00000000f6200000,0x00000000f6200000)
  from space 19456K, 13% used [0x00000000f7480000,0x00000000f7704388,0x00000000f8780000)
  to   space 18944K, 0% used [0x00000000f6200000,0x00000000f6200000,0x00000000f7480000)
 ParOldGen       total 103424K, used 46818K [0x00000000c1400000, 0x00000000c7900000, 0x00000000eb180000)
  object space 103424K, 45% used [0x00000000c1400000,0x00000000c41b8890,0x00000000c7900000)
 Metaspace       used 7266K, capacity 7422K, committed 7552K, reserved 1056768K
  class space    used 806K, capacity 857K, committed 896K, reserved 1048576K
Event: 7.990 GC heap after
Heap after GC invocations=20 (full 3):
 PSYoungGen      total 199680K, used 2543K [0x00000000eb180000, 0x00000000fa780000, 0x0000000100000000)
  eden space 180736K, 0% used [0x00000000eb180000,0x00000000eb180000,0x00000000f6200000)
  from space 18944K, 13% used [0x00000000f6200000,0x00000000f647bfe0,0x00000000f7480000)
  to   space 17920K, 0% used [0x00000000f9600000,0x00000000f9600000,0x00000000fa780000)
 ParOldGen       total 103424K, used 46818K [0x00000000c1400000, 0x00000000c7900000, 0x00000000eb180000)
  object space 103424K, 45% used [0x00000000c1400000,0x00000000c41b8890,0x00000000c7900000)
 Metaspace       used 7266K, capacity 7422K, committed 7552K, reserved 1056768K
  class space    used 806K, capacity 857K, committed 896K, reserved 1048576K
}
Event: 8.671 GC heap before
{Heap before GC invocations=21 (full 3):
 PSYoungGen      total 199680K, used 179970K [0x00000000eb180000, 0x00000000fa780000, 0x0000000100000000)
  eden space 180736K, 98% used [0x00000000eb180000,0x00000000f5ec4b80,0x00000000f6200000)
  from space 18944K, 13% used [0x00000000f6200000,0x00000000f647bfe0,0x00000000f7480000)
  to   space 17920K, 0% used [0x00000000f9600000,0x00000000f9600000,0x00000000fa780000)
 ParOldGen       total 103424K, used 46818K [0x00000000c1400000, 0x00000000c7900000, 0x00000000eb180000)
  object space 103424K, 45% used [0x00000000c1400000,0x00000000c41b8890,0x00000000c7900000)
 Metaspace       used 7266K, capacity 7422K, committed 7552K, reserved 1056768K
  class space    used 806K, capacity 857K, committed 896K, reserved 1048576K
Event: 8.723 GC heap after
Heap after GC invocations=21 (full 3):
 PSYoungGen      total 232448K, used 13298K [0x00000000eb180000, 0x00000000fab00000, 0x0000000100000000)
  eden space 214528K, 0% used [0x00000000eb180000,0x00000000eb180000,0x00000000f8300000)
  from space 17920K, 74% used [0x00000000f9600000,0x00000000fa2fcbd0,0x00000000fa780000)
  to   space 19456K, 0% used [0x00000000f8300000,0x00000000f8300000,0x00000000f9600000)
 ParOldGen       total 103424K, used 46818K [0x00000000c1400000, 0x00000000c7900000, 0x00000000eb180000)
  object space 103424K, 45% used [0x00000000c1400000,0x00000000c41b8890,0x00000000c7900000)
 Metaspace       used 7266K, capacity 7422K, committed 7552K, reserved 1056768K
  class space    used 806K, capacity 857K, committed 896K, reserved 1048576K
}

